<?xml version="1.0" encoding="UTF-8"?>
<testng-results ignored="0" total="1" passed="1" failed="0" skipped="0">
  <reporter-output>
  </reporter-output>
  <suite started-at="2026-05-25T13:11:20 IST" name="Suite" finished-at="2026-05-25T13:11:29 IST" duration-ms="9896">
    <groups>
    </groups>
    <test started-at="2026-05-25T13:11:20 IST" name="Test" finished-at="2026-05-25T13:11:29 IST" duration-ms="9896">
      <class name="seleniumFrameWork.SubmitOrderTest">
        <test-method is-config="true" signature="launchApplication()[pri:0, instance:seleniumFrameWork.SubmitOrderTest@15de0b3c]" started-at="2026-05-25T13:11:20 IST" name="launchApplication" finished-at="2026-05-25T13:11:26 IST" duration-ms="5456" status="PASS">
          <reporter-output>
          </reporter-output>
        </test-method> <!-- launchApplication -->
        <test-method signature="submitOrderTest(java.util.HashMap)[pri:-1, instance:seleniumFrameWork.SubmitOrderTest@15de0b3c]" started-at="2026-05-25T13:11:26 IST" name="submitOrderTest" data-provider="getDataFromMap" finished-at="2026-05-25T13:11:29 IST" duration-ms="3697" status="PASS">
          <params>
            <param index="0">
              <value>
                <![CDATA[{password=Abdul@123, email=abdul.rahaman12786@gmail.com}]]>
              </value>
            </param>
          </params>
          <reporter-output>
          </reporter-output>
        </test-method> <!-- submitOrderTest -->
      </class> <!-- seleniumFrameWork.SubmitOrderTest -->
    </test> <!-- Test -->
  </suite> <!-- Suite -->
</testng-results>
