<?xml version="1.0" encoding="UTF-8"?>
<testng-results ignored="0" total="1" passed="1" failed="0" skipped="0">
  <reporter-output>
  </reporter-output>
  <suite started-at="2026-05-22T12:46:48 IST" name="Default suite" finished-at="2026-05-22T12:46:54 IST" duration-ms="6829">
    <groups>
    </groups>
    <test started-at="2026-05-22T12:46:48 IST" name="Default test" finished-at="2026-05-22T12:46:54 IST" duration-ms="6829">
      <class name="seleniumFrameWork.SubmitOrderTest">
        <test-method is-config="true" signature="launchApplication()[pri:0, instance:seleniumFrameWork.SubmitOrderTest@233795b6]" started-at="2026-05-22T12:46:48 IST" name="launchApplication" finished-at="2026-05-22T12:46:51 IST" duration-ms="2427" status="PASS">
          <reporter-output>
          </reporter-output>
        </test-method> <!-- launchApplication -->
        <test-method signature="submitOrderTest(java.util.HashMap)[pri:-1, instance:seleniumFrameWork.SubmitOrderTest@233795b6]" started-at="2026-05-22T12:46:51 IST" name="submitOrderTest" data-provider="getDataFromMap" finished-at="2026-05-22T12:46:54 IST" duration-ms="3611" status="PASS">
          <params>
            <param index="0">
              <value>
                <![CDATA[{password=Abdul@123, email=abdul.rahaman12786@gmail.com}]]>
              </value>
            </param>
          </params>
          <reporter-output>
          </reporter-output>
        </test-method> <!-- submitOrderTest -->
      </class> <!-- seleniumFrameWork.SubmitOrderTest -->
    </test> <!-- Default test -->
  </suite> <!-- Default suite -->
</testng-results>
